app/manifest-merger-release-report.txt
-- Merging decision tree log ---
manifest
ADDED from AndroidManifest.xml:2:1
	package
		ADDED from AndroidManifest.xml:3:5
		INJECTED from AndroidManifest.xml:0:0
		INJECTED from AndroidManifest.xml:0:0
	android:versionName
		INJECTED from AndroidManifest.xml:0:0
		INJECTED from AndroidManifest.xml:0:0
	xmlns:android
		ADDED from AndroidManifest.xml:2:11
	android:versionCode
		INJECTED from AndroidManifest.xml:0:0
		INJECTED from AndroidManifest.xml:0:0
uses-sdk
ADDED from AndroidManifest.xml:5:5
MERGED from com.android.support:appcompat-v7:21.0.3:15:5
MERGED from com.android.support:support-v4:21.0.3:15:5
MERGED from com.google.android.gms:play-services:6.5.87:18:5
MERGED from com.android.support:support-v4:21.0.3:15:5
	android:targetSdkVersion
		ADDED from AndroidManifest.xml:7:9
		INJECTED from AndroidManifest.xml:0:0
		INJECTED from AndroidManifest.xml:0:0
	android:minSdkVersion
		ADDED from AndroidManifest.xml:6:9
		INJECTED from AndroidManifest.xml:0:0
		INJECTED from AndroidManifest.xml:0:0
uses-permission#android.permission.INTERNET
ADDED from AndroidManifest.xml:9:5
	android:name
		ADDED from AndroidManifest.xml:9:22
uses-permission#android.permission.WAKE_LOCK
ADDED from AndroidManifest.xml:10:5
	android:name
		ADDED from AndroidManifest.xml:10:22
uses-permission#com.google.android.c2dm.permission.RECEIVE
ADDED from AndroidManifest.xml:11:5
	android:name
		ADDED from AndroidManifest.xml:11:22
uses-permission#com.example.gcm.permission.C2D_MESSAGE
ADDED from AndroidManifest.xml:12:5
	android:name
		ADDED from AndroidManifest.xml:12:22
permission#com.example.gcm.permission.C2D_MESSAGE
ADDED from AndroidManifest.xml:14:5
	android:protectionLevel
		ADDED from AndroidManifest.xml:16:9
	android:name
		ADDED from AndroidManifest.xml:15:9
uses-permission#android.permission.WRITE_EXTERNAL_STORAGE
ADDED from AndroidManifest.xml:18:5
	android:maxSdkVersion
		ADDED from AndroidManifest.xml:20:9
	android:name
		ADDED from AndroidManifest.xml:19:9
uses-permission#android.permission.READ_PHONE_STATE
ADDED from AndroidManifest.xml:21:5
	android:name
		ADDED from AndroidManifest.xml:21:22
uses-permission#android.permission.READ_EXTERNAL_STORAGE
ADDED from AndroidManifest.xml:22:5
	android:maxSdkVersion
		ADDED from AndroidManifest.xml:24:9
	android:name
		ADDED from AndroidManifest.xml:23:9
application
ADDED from AndroidManifest.xml:26:5
MERGED from com.android.support:appcompat-v7:21.0.3:16:5
MERGED from com.android.support:support-v4:21.0.3:16:5
MERGED from com.google.android.gms:play-services:6.5.87:20:5
MERGED from com.android.support:support-v4:21.0.3:16:5
	android:label
		ADDED from AndroidManifest.xml:29:9
	android:allowBackup
		ADDED from AndroidManifest.xml:27:9
	android:icon
		ADDED from AndroidManifest.xml:28:9
	android:theme
		ADDED from AndroidManifest.xml:30:9
receiver#com.cs246.bakery.myapplication.GcmBroadcastReceiver
ADDED from AndroidManifest.xml:31:9
	android:permission
		ADDED from AndroidManifest.xml:33:13
	android:name
		ADDED from AndroidManifest.xml:32:13
intent-filter#com.google.android.c2dm.intent.RECEIVE+com.google.android.gcm.demo.app
ADDED from AndroidManifest.xml:34:13
action#com.google.android.c2dm.intent.RECEIVE
ADDED from AndroidManifest.xml:37:17
	android:name
		ADDED from AndroidManifest.xml:37:25
category#com.google.android.gcm.demo.app
ADDED from AndroidManifest.xml:39:17
	android:name
		ADDED from AndroidManifest.xml:39:27
service#com.cs246.bakery.myapplication.GcmIntentService
ADDED from AndroidManifest.xml:43:9
	android:name
		ADDED from AndroidManifest.xml:43:18
activity#com.cs246.bakery.myapplication.MainActivity
ADDED from AndroidManifest.xml:45:9
	android:screenOrientation
		ADDED from AndroidManifest.xml:48:13
	android:label
		ADDED from AndroidManifest.xml:47:13
	android:name
		ADDED from AndroidManifest.xml:46:13
intent-filter#android.intent.action.MAIN+android.intent.category.LAUNCHER
ADDED from AndroidManifest.xml:49:13
action#android.intent.action.MAIN
ADDED from AndroidManifest.xml:50:17
	android:name
		ADDED from AndroidManifest.xml:50:25
category#android.intent.category.LAUNCHER
ADDED from AndroidManifest.xml:52:17
	android:name
		ADDED from AndroidManifest.xml:52:27
meta-data#com.google.android.gms.version
ADDED from AndroidManifest.xml:56:9
MERGED from com.google.android.gms:play-services:6.5.87:21:9
	android:value
		ADDED from AndroidManifest.xml:58:13
	android:name
		ADDED from AndroidManifest.xml:57:13
activity#com.cs246.bakery.myapplication.CreateAccount
ADDED from AndroidManifest.xml:60:9
	android:screenOrientation
		ADDED from AndroidManifest.xml:63:13
	android:label
		ADDED from AndroidManifest.xml:62:13
	android:name
		ADDED from AndroidManifest.xml:61:13
activity#com.cs246.bakery.myapplication.LoginActivity
ADDED from AndroidManifest.xml:64:9
	android:screenOrientation
		ADDED from AndroidManifest.xml:67:13
	android:label
		ADDED from AndroidManifest.xml:66:13
	android:windowSoftInputMode
		ADDED from AndroidManifest.xml:68:13
	android:name
		ADDED from AndroidManifest.xml:65:13
activity#com.cs246.bakery.myapplication.MyCakes
ADDED from AndroidManifest.xml:69:9
	android:screenOrientation
		ADDED from AndroidManifest.xml:72:13
	android:label
		ADDED from AndroidManifest.xml:71:13
	android:name
		ADDED from AndroidManifest.xml:70:13
activity#com.cs246.bakery.myapplication.CreateCake
ADDED from AndroidManifest.xml:73:9
	android:screenOrientation
		ADDED from AndroidManifest.xml:76:13
	android:label
		ADDED from AndroidManifest.xml:75:13
	android:name
		ADDED from AndroidManifest.xml:74:13
activity#com.cs246.bakery.myapplication.MyProfile
ADDED from AndroidManifest.xml:77:9
	android:screenOrientation
		ADDED from AndroidManifest.xml:80:13
	android:label
		ADDED from AndroidManifest.xml:79:13
	android:name
		ADDED from AndroidManifest.xml:78:13
activity#com.cs246.bakery.myapplication.OrderDetails
ADDED from AndroidManifest.xml:81:9
	android:label
		ADDED from AndroidManifest.xml:83:13
	android:name
		ADDED from AndroidManifest.xml:82:13
activity#com.cs246.bakery.myapplication.upload_photo
ADDED from AndroidManifest.xml:84:9
	android:label
		ADDED from AndroidManifest.xml:86:13
	android:name
		ADDED from AndroidManifest.xml:85:13